<?xml version="1.0" encoding="UTF-8"?>
<testng-results ignored="0" total="4" passed="3" failed="1" skipped="0">
  <reporter-output>
  </reporter-output>
  <suite started-at="2023-07-05T23:24:58 IST" name="Suite" finished-at="2023-07-05T23:25:31 IST" duration-ms="32616">
    <groups>
      <group name="regression">
        <method signature="TC_003_NewCustomerTest.navigateToNewCustomer()[pri:1, instance:testcases.TC_003_NewCustomerTest@752325ad]" name="navigateToNewCustomer" class="testcases.TC_003_NewCustomerTest"/>
        <method signature="TC_003_NewCustomerTest.verifyNewCustomerFields()[pri:2, instance:testcases.TC_003_NewCustomerTest@752325ad]" name="verifyNewCustomerFields" class="testcases.TC_003_NewCustomerTest"/>
      </group> <!-- regression -->
    </groups>
    <test started-at="2023-07-05T23:24:58 IST" name="Test" finished-at="2023-07-05T23:25:31 IST" duration-ms="32616">
      <class name="testcases.TC_003_NewCustomerTest">
        <test-method is-config="true" signature="setup(java.lang.String)[pri:0, instance:testcases.TC_003_NewCustomerTest@752325ad]" started-at="2023-07-05T23:25:18 IST" name="setup" finished-at="2023-07-05T23:25:23 IST" duration-ms="5211" status="PASS">
          <params>
            <param index="0">
              <value>
                <![CDATA[chrome]]>
              </value>
            </param>
          </params>
          <reporter-output>
          </reporter-output>
        </test-method> <!-- setup -->
        <test-method signature="navigateToNewCustomer()[pri:1, instance:testcases.TC_003_NewCustomerTest@752325ad]" started-at="2023-07-05T23:25:23 IST" name="navigateToNewCustomer" finished-at="2023-07-05T23:25:26 IST" duration-ms="2582" status="FAIL">
          <exception class="java.lang.AssertionError">
            <message>
              <![CDATA[expected [Guru99 Bank New Customer Entry Page] but found [Guru99 Bank Manager HomePage]]]>
            </message>
            <full-stacktrace>
              <![CDATA[java.lang.AssertionError: expected [Guru99 Bank New Customer Entry Page] but found [Guru99 Bank Manager HomePage]
at org.testng.Assert.fail(Assert.java:111)
at org.testng.Assert.failNotEquals(Assert.java:1578)
at org.testng.Assert.assertEqualsImpl(Assert.java:150)
at org.testng.Assert.assertEquals(Assert.java:132)
at org.testng.Assert.assertEquals(Assert.java:656)
at org.testng.Assert.assertEquals(Assert.java:666)
at testcases.TC_003_NewCustomerTest.navigateToNewCustomer(TC_003_NewCustomerTest.java:37)
at java.base/jdk.internal.reflect.NativeMethodAccessorImpl.invoke0(Native Method)
at java.base/jdk.internal.reflect.NativeMethodAccessorImpl.invoke(NativeMethodAccessorImpl.java:77)
at java.base/jdk.internal.reflect.DelegatingMethodAccessorImpl.invoke(DelegatingMethodAccessorImpl.java:43)
at java.base/java.lang.reflect.Method.invoke(Method.java:568)
at org.testng.internal.invokers.MethodInvocationHelper.invokeMethod(MethodInvocationHelper.java:139)
at org.testng.internal.invokers.TestInvoker.invokeMethod(TestInvoker.java:664)
at org.testng.internal.invokers.TestInvoker.invokeTestMethod(TestInvoker.java:227)
at org.testng.internal.invokers.MethodRunner.runInSequence(MethodRunner.java:50)
at org.testng.internal.invokers.TestInvoker$MethodInvocationAgent.invoke(TestInvoker.java:957)
at org.testng.internal.invokers.TestInvoker.invokeTestMethods(TestInvoker.java:200)
at org.testng.internal.invokers.TestMethodWorker.invokeTestMethods(TestMethodWorker.java:148)
at org.testng.internal.invokers.TestMethodWorker.run(TestMethodWorker.java:128)
at java.base/java.util.ArrayList.forEach(ArrayList.java:1511)
at org.testng.TestRunner.privateRun(TestRunner.java:848)
at org.testng.TestRunner.run(TestRunner.java:621)
at org.testng.SuiteRunner.runTest(SuiteRunner.java:443)
at org.testng.SuiteRunner.runSequentially(SuiteRunner.java:437)
at org.testng.SuiteRunner.privateRun(SuiteRunner.java:397)
at org.testng.SuiteRunner.run(SuiteRunner.java:336)
at org.testng.SuiteRunnerWorker.runSuite(SuiteRunnerWorker.java:52)
at org.testng.SuiteRunnerWorker.run(SuiteRunnerWorker.java:95)
at org.testng.TestNG.runSuitesSequentially(TestNG.java:1280)
at org.testng.TestNG.runSuitesLocally(TestNG.java:1200)
at org.testng.TestNG.runSuites(TestNG.java:1114)
at org.testng.TestNG.run(TestNG.java:1082)
at org.testng.remote.AbstractRemoteTestNG.run(AbstractRemoteTestNG.java:115)
at org.testng.remote.RemoteTestNG.initAndRun(RemoteTestNG.java:251)
at org.testng.remote.RemoteTestNG.main(RemoteTestNG.java:77)
]]>
            </full-stacktrace>
          </exception> <!-- java.lang.AssertionError -->
          <reporter-output>
          </reporter-output>
        </test-method> <!-- navigateToNewCustomer -->
        <test-method signature="verifyNewCustomerFields()[pri:2, instance:testcases.TC_003_NewCustomerTest@752325ad]" started-at="2023-07-05T23:25:26 IST" name="verifyNewCustomerFields" finished-at="2023-07-05T23:25:31 IST" duration-ms="4472" status="PASS">
          <reporter-output>
          </reporter-output>
        </test-method> <!-- verifyNewCustomerFields -->
        <test-method is-config="true" signature="tearDown()[pri:0, instance:testcases.TC_003_NewCustomerTest@752325ad]" started-at="2023-07-05T23:25:31 IST" name="tearDown" finished-at="2023-07-05T23:25:31 IST" duration-ms="198" status="PASS">
          <reporter-output>
          </reporter-output>
        </test-method> <!-- tearDown -->
      </class> <!-- testcases.TC_003_NewCustomerTest -->
      <class name="testcases.TC_001_LoginTest">
        <test-method is-config="true" signature="setup(java.lang.String)[pri:0, instance:testcases.TC_001_LoginTest@55fe41ea]" started-at="2023-07-05T23:24:58 IST" name="setup" finished-at="2023-07-05T23:25:09 IST" duration-ms="10035" status="PASS">
          <params>
            <param index="0">
              <value>
                <![CDATA[chrome]]>
              </value>
            </param>
          </params>
          <reporter-output>
          </reporter-output>
        </test-method> <!-- setup -->
        <test-method signature="verifyLogin()[pri:0, instance:testcases.TC_001_LoginTest@55fe41ea]" started-at="2023-07-05T23:25:09 IST" name="verifyLogin" finished-at="2023-07-05T23:25:11 IST" duration-ms="2084" status="PASS">
          <reporter-output>
          </reporter-output>
        </test-method> <!-- verifyLogin -->
        <test-method is-config="true" signature="tearDown()[pri:0, instance:testcases.TC_001_LoginTest@55fe41ea]" started-at="2023-07-05T23:25:11 IST" name="tearDown" finished-at="2023-07-05T23:25:11 IST" duration-ms="204" status="PASS">
          <reporter-output>
          </reporter-output>
        </test-method> <!-- tearDown -->
      </class> <!-- testcases.TC_001_LoginTest -->
      <class name="testcases.TC_002_LogoutTest">
        <test-method is-config="true" signature="setup(java.lang.String)[pri:0, instance:testcases.TC_002_LogoutTest@2a5c8d3f]" started-at="2023-07-05T23:25:11 IST" name="setup" finished-at="2023-07-05T23:25:16 IST" duration-ms="4963" status="PASS">
          <params>
            <param index="0">
              <value>
                <![CDATA[chrome]]>
              </value>
            </param>
          </params>
          <reporter-output>
          </reporter-output>
        </test-method> <!-- setup -->
        <test-method signature="verifyLogout()[pri:0, instance:testcases.TC_002_LogoutTest@2a5c8d3f]" started-at="2023-07-05T23:25:16 IST" name="verifyLogout" finished-at="2023-07-05T23:25:18 IST" duration-ms="1975" status="PASS">
          <reporter-output>
          </reporter-output>
        </test-method> <!-- verifyLogout -->
        <test-method is-config="true" signature="tearDown()[pri:0, instance:testcases.TC_002_LogoutTest@2a5c8d3f]" started-at="2023-07-05T23:25:18 IST" name="tearDown" finished-at="2023-07-05T23:25:18 IST" duration-ms="182" status="PASS">
          <reporter-output>
          </reporter-output>
        </test-method> <!-- tearDown -->
      </class> <!-- testcases.TC_002_LogoutTest -->
    </test> <!-- Test -->
  </suite> <!-- Suite -->
</testng-results>
